<?xml version="1.0" encoding="UTF-8"?>
<testsuite xmlns:xsi="http://www.w3.org/2001/XMLSchema-instance" xsi:noNamespaceSchemaLocation="https://maven.apache.org/surefire/maven-surefire-plugin/xsd/surefire-test-report.xsd" version="3.0.2" name="pe.edu.upeu.sysasisgui.SysAsisGuiApplicationTests" time="1.096" tests="1" errors="0" skipped="0" failures="0">
  <properties>
[...]
</properties>
  <testcase name="contextLoads" classname="pe.edu.upeu.sysasisgui.SysAsisGuiApplicationTests" time="0.472">
    <system-out><![CDATA[12:08:46.127 [main] INFO org.springframework.test.context.support.AnnotationConfigContextLoaderUtils -- Could not detect default configuration classes for test class [pe.edu.upeu.sysasisgui.SysAsisGuiApplicationTests]: SysAsisGuiApplicationTests does not declare any static, non-private, non-final, nested classes annotated with @Configuration.
12:08:46.184 [main] INFO org.springframework.boot.test.context.SpringBootTestContextBootstrapper -- Found @SpringBootConfiguration pe.edu.upeu.sysasisgui.SysAsisGuiApplication for test class pe.edu.upeu.sysasisgui.SysAsisGuiApplicationTests

  .   ____          _            __ _ _
 /\\ / ___'_ __ _ _(_)_ __  __ _ \ \ \ \
( ( )\___ | '_ | '_| | '_ \/ _` | \ \ \ \
 \\/  ___)| |_)| | | | | || (_| |  ) ) ) )
  '  |____| .__|_| |_|_| |_\__, | / / / /
 =========|_|==============|___/=/_/_/_/

 :: Spring Boot ::                (v3.4.4)

2025-03-28T12:08:46.439-05:00  INFO 3968 --- [SysAsisGUI] [           main] p.e.u.s.SysAsisGuiApplicationTests       : Starting SysAsisGuiApplicationTests using Java 17.0.10 with PID 3968 (started by Datos in D:\POO-2025-1-G1\SysAsisGUI)
2025-03-28T12:08:46.439-05:00  INFO 3968 --- [SysAsisGUI] [           main] p.e.u.s.SysAsisGuiApplicationTests       : No active profile set, falling back to 1 default profile: "default"
2025-03-28T12:08:46.667-05:00  INFO 3968 --- [SysAsisGUI] [           main] p.e.u.s.SysAsisGuiApplicationTests       : Started SysAsisGuiApplicationTests in 0.379 seconds (process running for 0.91)
]]></system-out>
  </testcase>
</testsuite>